<?xml version="1.0" encoding="UTF-8"?>
<!-- Generated by org.testng.reporters.JUnitXMLReporter -->
<testsuite ignored="0" hostname="Janmejay" failures="0" tests="3" name="Default test" time="11.654" errors="0" timestamp="2025-08-16T13:05:50 IST">
  <testcase classname="com.TestNGLearn.GoogleTest" name="GoogleLogoTest" time="0.078"/>
  <testcase classname="com.TestNGLearn.GoogleTest" name="googleSearchTest" time="0.423"/>
  <testcase classname="com.TestNGLearn.GoogleTest" name="googleTitleTest" time="0.018"/>
</testsuite> <!-- Default test -->
