<?xml version="1.0" encoding="UTF-8"?>
<!-- Generated by org.testng.reporters.JUnitXMLReporter -->
<testsuite ignored="0" hostname="Janmejay" failures="0" tests="3" name="Default test" time="0.111" errors="0" timestamp="2025-08-22T15:16:13 IST">
  <testcase classname="com.ParallelTesting.ClassTest1" name="testMethod11" time="0.018"/>
  <testcase classname="com.ParallelTesting.ClassTest1" name="testMethod12" time="0.008"/>
  <testcase classname="com.ParallelTesting.ClassTest1" name="testMethod13" time="0.004"/>
</testsuite> <!-- Default test -->
