<?xml version="1.0" encoding="UTF-8"?>
<testng-results ignored="0" total="3" passed="3" failed="0" skipped="0">
  <reporter-output>
  </reporter-output>
  <suite started-at="2025-08-16T13:05:38 IST" name="Default suite" finished-at="2025-08-16T13:05:50 IST" duration-ms="11654">
    <groups>
    </groups>
    <test started-at="2025-08-16T13:05:38 IST" name="Default test" finished-at="2025-08-16T13:05:50 IST" duration-ms="11654">
      <class name="com.TestNGLearn.GoogleTest">
        <test-method is-config="true" signature="setUp()[pri:0, instance:com.TestNGLearn.GoogleTest@7216fb24]" started-at="2025-08-16T13:05:38 IST" name="setUp" finished-at="2025-08-16T13:05:43 IST" duration-ms="4340" status="PASS">
          <reporter-output>
          </reporter-output>
        </test-method> <!-- setUp -->
        <test-method signature="GoogleLogoTest()[pri:0, instance:com.TestNGLearn.GoogleTest@7216fb24]" started-at="2025-08-16T13:05:43 IST" name="GoogleLogoTest" finished-at="2025-08-16T13:05:43 IST" duration-ms="78" status="PASS">
          <reporter-output>
          </reporter-output>
        </test-method> <!-- GoogleLogoTest -->
        <test-method is-config="true" signature="tearDown()[pri:0, instance:com.TestNGLearn.GoogleTest@7216fb24]" started-at="2025-08-16T13:05:43 IST" name="tearDown" finished-at="2025-08-16T13:05:43 IST" duration-ms="280" status="PASS">
          <reporter-output>
          </reporter-output>
        </test-method> <!-- tearDown -->
        <test-method is-config="true" signature="setUp()[pri:0, instance:com.TestNGLearn.GoogleTest@7216fb24]" started-at="2025-08-16T13:05:43 IST" name="setUp" finished-at="2025-08-16T13:05:46 IST" duration-ms="2779" status="PASS">
          <reporter-output>
          </reporter-output>
        </test-method> <!-- setUp -->
        <test-method signature="googleSearchTest()[pri:0, instance:com.TestNGLearn.GoogleTest@7216fb24]" started-at="2025-08-16T13:05:46 IST" name="googleSearchTest" finished-at="2025-08-16T13:05:46 IST" duration-ms="423" status="PASS">
          <reporter-output>
          </reporter-output>
        </test-method> <!-- googleSearchTest -->
        <test-method is-config="true" signature="tearDown()[pri:0, instance:com.TestNGLearn.GoogleTest@7216fb24]" started-at="2025-08-16T13:05:46 IST" name="tearDown" finished-at="2025-08-16T13:05:47 IST" duration-ms="311" status="PASS">
          <reporter-output>
          </reporter-output>
        </test-method> <!-- tearDown -->
        <test-method is-config="true" signature="setUp()[pri:0, instance:com.TestNGLearn.GoogleTest@7216fb24]" started-at="2025-08-16T13:05:47 IST" name="setUp" finished-at="2025-08-16T13:05:50 IST" duration-ms="3104" status="PASS">
          <reporter-output>
          </reporter-output>
        </test-method> <!-- setUp -->
        <test-method signature="googleTitleTest()[pri:0, instance:com.TestNGLearn.GoogleTest@7216fb24]" started-at="2025-08-16T13:05:50 IST" name="googleTitleTest" finished-at="2025-08-16T13:05:50 IST" duration-ms="18" status="PASS">
          <reporter-output>
          </reporter-output>
        </test-method> <!-- googleTitleTest -->
        <test-method is-config="true" signature="tearDown()[pri:0, instance:com.TestNGLearn.GoogleTest@7216fb24]" started-at="2025-08-16T13:05:50 IST" name="tearDown" finished-at="2025-08-16T13:05:50 IST" duration-ms="241" status="PASS">
          <reporter-output>
          </reporter-output>
        </test-method> <!-- tearDown -->
      </class> <!-- com.TestNGLearn.GoogleTest -->
    </test> <!-- Default test -->
  </suite> <!-- Default suite -->
</testng-results>
