<?xml version="1.0" encoding="UTF-8"?>
<testng-results ignored="0" total="26" passed="23" failed="3" skipped="0">
  <reporter-output>
  </reporter-output>
  <suite started-at="2025-08-17T12:53:07 IST" name="TestNG Session Test Automation Suite" finished-at="2025-08-17T12:53:55 IST" duration-ms="48175">
    <groups>
      <group name="logout">
        <method signature="TestNGFeatures.LogoutTest()[pri:2, instance:com.TestNGLearn.TestNGFeatures@7966baa7]" name="LogoutTest" class="com.TestNGLearn.TestNGFeatures"/>
      </group> <!-- logout -->
      <group name="Search">
        <method signature="GoogleTest.googleSearchTest()[pri:3, instance:com.TestNGLearn.GoogleTest@23fb172e]" name="googleSearchTest" class="com.TestNGLearn.GoogleTest"/>
      </group> <!-- Search -->
      <group name="FeelingLuckyButton">
        <method signature="GoogleTest.googleFeelingLuckyButtonTest()[pri:6, instance:com.TestNGLearn.GoogleTest@23fb172e]" name="googleFeelingLuckyButtonTest" class="com.TestNGLearn.GoogleTest"/>
      </group> <!-- FeelingLuckyButton -->
      <group name="SearchButton">
        <method signature="GoogleTest.googleSearchButtonTest()[pri:5, instance:com.TestNGLearn.GoogleTest@23fb172e]" name="googleSearchButtonTest" class="com.TestNGLearn.GoogleTest"/>
      </group> <!-- SearchButton -->
      <group name="Title">
        <method signature="GoogleTest.googleTitleTest()[pri:1, instance:com.TestNGLearn.GoogleTest@23fb172e]" name="googleTitleTest" class="com.TestNGLearn.GoogleTest"/>
      </group> <!-- Title -->
      <group name="login">
        <method signature="TestNGFeatures.loginTest()[pri:1, instance:com.TestNGLearn.TestNGFeatures@7966baa7]" name="loginTest" class="com.TestNGLearn.TestNGFeatures"/>
        <method signature="TestNGFeatures.HomnePageTest()[pri:0, instance:com.TestNGLearn.TestNGFeatures@7966baa7]" name="HomnePageTest" class="com.TestNGLearn.TestNGFeatures"/>
        <method signature="TestNGFeatures.SearchPageTest()[pri:0, instance:com.TestNGLearn.TestNGFeatures@7966baa7]" name="SearchPageTest" class="com.TestNGLearn.TestNGFeatures"/>
      </group> <!-- login -->
      <group name="SearchBox">
        <method signature="GoogleTest.googleSearchBoxTest()[pri:4, instance:com.TestNGLearn.GoogleTest@23fb172e]" name="googleSearchBoxTest" class="com.TestNGLearn.GoogleTest"/>
      </group> <!-- SearchBox -->
      <group name="Logo">
        <method signature="GoogleTest.GoogleLogoTest()[pri:2, instance:com.TestNGLearn.GoogleTest@23fb172e]" name="GoogleLogoTest" class="com.TestNGLearn.GoogleTest"/>
      </group> <!-- Logo -->
    </groups>
    <test started-at="2025-08-17T12:53:07 IST" name="Different TestNG Features Test" finished-at="2025-08-17T12:53:55 IST" duration-ms="48175">
      <class name="com.TestNGLearn.GoogleTitleTest">
        <test-method is-config="true" signature="setUp()[pri:0, instance:com.TestNGLearn.GoogleTitleTest@7e5d9a50]" started-at="2025-08-17T12:53:39 IST" name="setUp" finished-at="2025-08-17T12:53:42 IST" duration-ms="2786" status="PASS">
          <reporter-output>
          </reporter-output>
        </test-method> <!-- setUp -->
        <test-method signature="GoogleLogoTest()[pri:0, instance:com.TestNGLearn.GoogleTitleTest@7e5d9a50]" started-at="2025-08-17T12:53:42 IST" name="GoogleLogoTest" finished-at="2025-08-17T12:53:52 IST" duration-ms="10034" status="FAIL">
          <exception class="org.openqa.selenium.NoSuchElementException">
            <message>
              <![CDATA[no such element: Unable to locate element: {"method":"xpath","selector":"//*[@id='hplogo']"}
  (Session info: chrome=139.0.7258.67)
For documentation on this error, please visit: https://www.selenium.dev/documentation/webdriver/troubleshooting/errors#no-such-element-exception
Build info: version: '4.21.0', revision: '79ed462ef4'
System info: os.name: 'Windows 11', os.arch: 'amd64', os.version: '10.0', java.version: '21.0.7'
Driver info: org.openqa.selenium.chrome.ChromeDriver
Command: [6fa1687801bd3a3ad45aff02e7336b1d, findElement {value=//*[@id='hplogo'], using=xpath}]
Capabilities {acceptInsecureCerts: false, browserName: chrome, browserVersion: 139.0.7258.67, chrome: {chromedriverVersion: 139.0.7258.68 (40ff94600b6e..., userDataDir: C:\Users\JANMEJ~1\AppData\L...}, fedcm:accounts: true, goog:chromeOptions: {debuggerAddress: localhost:64913}, networkConnectionEnabled: false, pageLoadStrategy: normal, platformName: windows, proxy: Proxy(), se:cdp: ws://localhost:64913/devtoo..., se:cdpVersion: 139.0.7258.67, setWindowRect: true, strictFileInteractability: false, timeouts: {implicit: 0, pageLoad: 300000, script: 30000}, unhandledPromptBehavior: dismiss and notify, webauthn:extension:credBlob: true, webauthn:extension:largeBlob: true, webauthn:extension:minPinLength: true, webauthn:extension:prf: true, webauthn:virtualAuthenticators: true}
Session ID: 6fa1687801bd3a3ad45aff02e7336b1d]]>
            </message>
            <full-stacktrace>
              <![CDATA[org.openqa.selenium.NoSuchElementException: no such element: Unable to locate element: {"method":"xpath","selector":"//*[@id='hplogo']"}
  (Session info: chrome=139.0.7258.67)
For documentation on this error, please visit: https://www.selenium.dev/documentation/webdriver/troubleshooting/errors#no-such-element-exception
Build info: version: '4.21.0', revision: '79ed462ef4'
System info: os.name: 'Windows 11', os.arch: 'amd64', os.version: '10.0', java.version: '21.0.7'
Driver info: org.openqa.selenium.chrome.ChromeDriver
Command: [6fa1687801bd3a3ad45aff02e7336b1d, findElement {value=//*[@id='hplogo'], using=xpath}]
Capabilities {acceptInsecureCerts: false, browserName: chrome, browserVersion: 139.0.7258.67, chrome: {chromedriverVersion: 139.0.7258.68 (40ff94600b6e..., userDataDir: C:\Users\JANMEJ~1\AppData\L...}, fedcm:accounts: true, goog:chromeOptions: {debuggerAddress: localhost:64913}, networkConnectionEnabled: false, pageLoadStrategy: normal, platformName: windows, proxy: Proxy(), se:cdp: ws://localhost:64913/devtoo..., se:cdpVersion: 139.0.7258.67, setWindowRect: true, strictFileInteractability: false, timeouts: {implicit: 0, pageLoad: 300000, script: 30000}, unhandledPromptBehavior: dismiss and notify, webauthn:extension:credBlob: true, webauthn:extension:largeBlob: true, webauthn:extension:minPinLength: true, webauthn:extension:prf: true, webauthn:virtualAuthenticators: true}
Session ID: 6fa1687801bd3a3ad45aff02e7336b1d
at java.base/jdk.internal.reflect.DirectConstructorHandleAccessor.newInstance(DirectConstructorHandleAccessor.java:62)
at java.base/java.lang.reflect.Constructor.newInstanceWithCaller(Constructor.java:502)
at java.base/java.lang.reflect.Constructor.newInstance(Constructor.java:486)
at org.openqa.selenium.remote.ErrorCodec.decode(ErrorCodec.java:167)
at org.openqa.selenium.remote.codec.w3c.W3CHttpResponseCodec.decode(W3CHttpResponseCodec.java:138)
at org.openqa.selenium.remote.codec.w3c.W3CHttpResponseCodec.decode(W3CHttpResponseCodec.java:50)
at org.openqa.selenium.remote.HttpCommandExecutor.execute(HttpCommandExecutor.java:190)
at org.openqa.selenium.remote.service.DriverCommandExecutor.invokeExecute(DriverCommandExecutor.java:216)
at org.openqa.selenium.remote.service.DriverCommandExecutor.execute(DriverCommandExecutor.java:174)
at org.openqa.selenium.remote.RemoteWebDriver.execute(RemoteWebDriver.java:518)
at org.openqa.selenium.remote.ElementLocation$ElementFinder$2.findElement(ElementLocation.java:165)
at org.openqa.selenium.remote.ElementLocation.findElement(ElementLocation.java:59)
at org.openqa.selenium.remote.RemoteWebDriver.findElement(RemoteWebDriver.java:355)
at org.openqa.selenium.remote.RemoteWebDriver.findElement(RemoteWebDriver.java:349)
at com.TestNGLearn.GoogleTitleTest.GoogleLogoTest(GoogleTitleTest.java:37)
at java.base/jdk.internal.reflect.DirectMethodHandleAccessor.invoke(DirectMethodHandleAccessor.java:103)
at java.base/java.lang.reflect.Method.invoke(Method.java:580)
at org.testng.internal.invokers.MethodInvocationHelper.invokeMethod(MethodInvocationHelper.java:141)
at org.testng.internal.invokers.TestInvoker.invokeMethod(TestInvoker.java:687)
at org.testng.internal.invokers.TestInvoker.invokeTestMethod(TestInvoker.java:230)
at org.testng.internal.invokers.MethodRunner.runInSequence(MethodRunner.java:63)
at org.testng.internal.invokers.TestInvoker$MethodInvocationAgent.invoke(TestInvoker.java:995)
at org.testng.internal.invokers.TestInvoker.invokeTestMethods(TestInvoker.java:203)
at org.testng.internal.invokers.TestMethodWorker.invokeTestMethods(TestMethodWorker.java:154)
at org.testng.internal.invokers.TestMethodWorker.run(TestMethodWorker.java:134)
at java.base/java.util.ArrayList.forEach(ArrayList.java:1596)
at org.testng.TestRunner.privateRun(TestRunner.java:741)
at org.testng.TestRunner.run(TestRunner.java:616)
at org.testng.SuiteRunner.runTest(SuiteRunner.java:421)
at org.testng.SuiteRunner.runSequentially(SuiteRunner.java:413)
at org.testng.SuiteRunner.privateRun(SuiteRunner.java:373)
at org.testng.SuiteRunner.run(SuiteRunner.java:312)
at org.testng.SuiteRunnerWorker.runSuite(SuiteRunnerWorker.java:52)
at org.testng.SuiteRunnerWorker.run(SuiteRunnerWorker.java:95)
at org.testng.TestNG.runSuitesSequentially(TestNG.java:1274)
at org.testng.TestNG.runSuitesLocally(TestNG.java:1208)
at org.testng.TestNG.runSuites(TestNG.java:1112)
at org.testng.TestNG.run(TestNG.java:1079)
at org.testng.remote.AbstractRemoteTestNG.run(AbstractRemoteTestNG.java:115)
at org.testng.remote.RemoteTestNG.initAndRun(RemoteTestNG.java:293)
at org.testng.remote.RemoteTestNG.main(RemoteTestNG.java:91)
]]>
            </full-stacktrace>
          </exception> <!-- org.openqa.selenium.NoSuchElementException -->
          <reporter-output>
          </reporter-output>
        </test-method> <!-- GoogleLogoTest -->
        <test-method is-config="true" signature="tearDown()[pri:0, instance:com.TestNGLearn.GoogleTitleTest@7e5d9a50]" started-at="2025-08-17T12:53:52 IST" name="tearDown" finished-at="2025-08-17T12:53:52 IST" duration-ms="281" status="PASS">
          <reporter-output>
          </reporter-output>
        </test-method> <!-- tearDown -->
        <test-method is-config="true" signature="setUp()[pri:0, instance:com.TestNGLearn.GoogleTitleTest@7e5d9a50]" started-at="2025-08-17T12:53:52 IST" name="setUp" finished-at="2025-08-17T12:53:55 IST" duration-ms="2737" status="PASS">
          <reporter-output>
          </reporter-output>
        </test-method> <!-- setUp -->
        <test-method signature="googleTitleTest()[pri:0, instance:com.TestNGLearn.GoogleTitleTest@7e5d9a50]" started-at="2025-08-17T12:53:55 IST" name="googleTitleTest" finished-at="2025-08-17T12:53:55 IST" duration-ms="19" status="FAIL">
          <exception class="java.lang.AssertionError">
            <message>
              <![CDATA[Title is not matched expected [Facebook] but found [Google]]]>
            </message>
            <full-stacktrace>
              <![CDATA[java.lang.AssertionError: Title is not matched expected [Facebook] but found [Google]
at org.testng.Assert.fail(Assert.java:111)
at org.testng.Assert.failNotEquals(Assert.java:1590)
at org.testng.Assert.assertEqualsImpl(Assert.java:150)
at org.testng.Assert.assertEquals(Assert.java:132)
at org.testng.Assert.assertEquals(Assert.java:656)
at com.TestNGLearn.GoogleTitleTest.googleTitleTest(GoogleTitleTest.java:33)
at java.base/jdk.internal.reflect.DirectMethodHandleAccessor.invoke(DirectMethodHandleAccessor.java:103)
at java.base/java.lang.reflect.Method.invoke(Method.java:580)
at org.testng.internal.invokers.MethodInvocationHelper.invokeMethod(MethodInvocationHelper.java:141)
at org.testng.internal.invokers.TestInvoker.invokeMethod(TestInvoker.java:687)
at org.testng.internal.invokers.TestInvoker.invokeTestMethod(TestInvoker.java:230)
at org.testng.internal.invokers.MethodRunner.runInSequence(MethodRunner.java:63)
at org.testng.internal.invokers.TestInvoker$MethodInvocationAgent.invoke(TestInvoker.java:995)
at org.testng.internal.invokers.TestInvoker.invokeTestMethods(TestInvoker.java:203)
at org.testng.internal.invokers.TestMethodWorker.invokeTestMethods(TestMethodWorker.java:154)
at org.testng.internal.invokers.TestMethodWorker.run(TestMethodWorker.java:134)
at java.base/java.util.ArrayList.forEach(ArrayList.java:1596)
at org.testng.TestRunner.privateRun(TestRunner.java:741)
at org.testng.TestRunner.run(TestRunner.java:616)
at org.testng.SuiteRunner.runTest(SuiteRunner.java:421)
at org.testng.SuiteRunner.runSequentially(SuiteRunner.java:413)
at org.testng.SuiteRunner.privateRun(SuiteRunner.java:373)
at org.testng.SuiteRunner.run(SuiteRunner.java:312)
at org.testng.SuiteRunnerWorker.runSuite(SuiteRunnerWorker.java:52)
at org.testng.SuiteRunnerWorker.run(SuiteRunnerWorker.java:95)
at org.testng.TestNG.runSuitesSequentially(TestNG.java:1274)
at org.testng.TestNG.runSuitesLocally(TestNG.java:1208)
at org.testng.TestNG.runSuites(TestNG.java:1112)
at org.testng.TestNG.run(TestNG.java:1079)
at org.testng.remote.AbstractRemoteTestNG.run(AbstractRemoteTestNG.java:115)
at org.testng.remote.RemoteTestNG.initAndRun(RemoteTestNG.java:293)
at org.testng.remote.RemoteTestNG.main(RemoteTestNG.java:91)
]]>
            </full-stacktrace>
          </exception> <!-- java.lang.AssertionError -->
          <reporter-output>
          </reporter-output>
        </test-method> <!-- googleTitleTest -->
        <test-method is-config="true" signature="tearDown()[pri:0, instance:com.TestNGLearn.GoogleTitleTest@7e5d9a50]" started-at="2025-08-17T12:53:55 IST" name="tearDown" finished-at="2025-08-17T12:53:55 IST" duration-ms="236" status="PASS">
          <reporter-output>
          </reporter-output>
        </test-method> <!-- tearDown -->
      </class> <!-- com.TestNGLearn.GoogleTitleTest -->
      <class name="com.TestNGLearn.TestNGBasic">
        <test-method is-config="true" signature="SetUp()[pri:0, instance:com.TestNGLearn.TestNGBasic@784c3487]" started-at="2025-08-17T12:53:07 IST" name="SetUp" finished-at="2025-08-17T12:53:07 IST" duration-ms="101" status="PASS">
          <reporter-output>
          </reporter-output>
        </test-method> <!-- SetUp -->
        <test-method is-config="true" signature="LunchBrowser()[pri:0, instance:com.TestNGLearn.TestNGBasic@784c3487]" started-at="2025-08-17T12:53:07 IST" name="LunchBrowser" finished-at="2025-08-17T12:53:07 IST" duration-ms="1" status="PASS">
          <reporter-output>
          </reporter-output>
        </test-method> <!-- LunchBrowser -->
        <test-method is-config="true" signature="Login()[pri:0, instance:com.TestNGLearn.TestNGBasic@784c3487]" started-at="2025-08-17T12:53:55 IST" name="Login" finished-at="2025-08-17T12:53:55 IST" duration-ms="16" status="PASS">
          <reporter-output>
          </reporter-output>
        </test-method> <!-- Login -->
        <test-method signature="LogoTest()[pri:0, instance:com.TestNGLearn.TestNGBasic@784c3487]" started-at="2025-08-17T12:53:55 IST" name="LogoTest" finished-at="2025-08-17T12:53:55 IST" duration-ms="0" status="PASS">
          <reporter-output>
          </reporter-output>
        </test-method> <!-- LogoTest -->
        <test-method signature="Search()[pri:0, instance:com.TestNGLearn.TestNGBasic@784c3487]" started-at="2025-08-17T12:53:55 IST" name="Search" finished-at="2025-08-17T12:53:55 IST" duration-ms="0" status="PASS">
          <reporter-output>
          </reporter-output>
        </test-method> <!-- Search -->
        <test-method signature="Title()[pri:0, instance:com.TestNGLearn.TestNGBasic@784c3487]" started-at="2025-08-17T12:53:55 IST" name="Title" finished-at="2025-08-17T12:53:55 IST" duration-ms="0" status="PASS">
          <reporter-output>
          </reporter-output>
        </test-method> <!-- Title -->
        <test-method is-config="true" signature="EnterUrl()[pri:0, instance:com.TestNGLearn.TestNGBasic@784c3487]" started-at="2025-08-17T12:53:55 IST" name="EnterUrl" finished-at="2025-08-17T12:53:55 IST" duration-ms="0" status="PASS">
          <reporter-output>
          </reporter-output>
        </test-method> <!-- EnterUrl -->
        <test-method is-config="true" signature="EnterUrl()[pri:0, instance:com.TestNGLearn.TestNGBasic@784c3487]" started-at="2025-08-17T12:53:55 IST" name="EnterUrl" finished-at="2025-08-17T12:53:55 IST" duration-ms="0" status="PASS">
          <reporter-output>
          </reporter-output>
        </test-method> <!-- EnterUrl -->
        <test-method is-config="true" signature="LogOut()[pri:0, instance:com.TestNGLearn.TestNGBasic@784c3487]" started-at="2025-08-17T12:53:55 IST" name="LogOut" finished-at="2025-08-17T12:53:55 IST" duration-ms="0" status="PASS">
          <reporter-output>
          </reporter-output>
        </test-method> <!-- LogOut -->
        <test-method is-config="true" signature="LogOut()[pri:0, instance:com.TestNGLearn.TestNGBasic@784c3487]" started-at="2025-08-17T12:53:55 IST" name="LogOut" finished-at="2025-08-17T12:53:55 IST" duration-ms="0" status="PASS">
          <reporter-output>
          </reporter-output>
        </test-method> <!-- LogOut -->
        <test-method is-config="true" signature="EnterUrl()[pri:0, instance:com.TestNGLearn.TestNGBasic@784c3487]" started-at="2025-08-17T12:53:55 IST" name="EnterUrl" finished-at="2025-08-17T12:53:55 IST" duration-ms="0" status="PASS">
          <reporter-output>
          </reporter-output>
        </test-method> <!-- EnterUrl -->
        <test-method is-config="true" signature="DeleteCookies()[pri:0, instance:com.TestNGLearn.TestNGBasic@784c3487]" started-at="2025-08-17T12:53:55 IST" name="DeleteCookies" finished-at="2025-08-17T12:53:55 IST" duration-ms="0" status="PASS">
          <reporter-output>
          </reporter-output>
        </test-method> <!-- DeleteCookies -->
        <test-method is-config="true" signature="LogOut()[pri:0, instance:com.TestNGLearn.TestNGBasic@784c3487]" started-at="2025-08-17T12:53:55 IST" name="LogOut" finished-at="2025-08-17T12:53:55 IST" duration-ms="0" status="PASS">
          <reporter-output>
          </reporter-output>
        </test-method> <!-- LogOut -->
        <test-method is-config="true" signature="CloseBrowser()[pri:0, instance:com.TestNGLearn.TestNGBasic@784c3487]" started-at="2025-08-17T12:53:55 IST" name="CloseBrowser" finished-at="2025-08-17T12:53:55 IST" duration-ms="0" status="PASS">
          <reporter-output>
          </reporter-output>
        </test-method> <!-- CloseBrowser -->
      </class> <!-- com.TestNGLearn.TestNGBasic -->
      <class name="com.TestNGLearn.InvocationCountTest">
        <test-method signature="sum()[pri:0, instance:com.TestNGLearn.InvocationCountTest@60957c0f]" started-at="2025-08-17T12:53:55 IST" name="sum" finished-at="2025-08-17T12:53:55 IST" duration-ms="0" status="PASS">
          <reporter-output>
          </reporter-output>
        </test-method> <!-- sum -->
        <test-method signature="sum()[pri:0, instance:com.TestNGLearn.InvocationCountTest@60957c0f]" started-at="2025-08-17T12:53:55 IST" name="sum" finished-at="2025-08-17T12:53:55 IST" duration-ms="0" status="PASS">
          <reporter-output>
          </reporter-output>
        </test-method> <!-- sum -->
        <test-method signature="sum()[pri:0, instance:com.TestNGLearn.InvocationCountTest@60957c0f]" started-at="2025-08-17T12:53:55 IST" name="sum" finished-at="2025-08-17T12:53:55 IST" duration-ms="0" status="PASS">
          <reporter-output>
          </reporter-output>
        </test-method> <!-- sum -->
        <test-method signature="sum()[pri:0, instance:com.TestNGLearn.InvocationCountTest@60957c0f]" started-at="2025-08-17T12:53:55 IST" name="sum" finished-at="2025-08-17T12:53:55 IST" duration-ms="0" status="PASS">
          <reporter-output>
          </reporter-output>
        </test-method> <!-- sum -->
        <test-method signature="sum()[pri:0, instance:com.TestNGLearn.InvocationCountTest@60957c0f]" started-at="2025-08-17T12:53:55 IST" name="sum" finished-at="2025-08-17T12:53:55 IST" duration-ms="0" status="PASS">
          <reporter-output>
          </reporter-output>
        </test-method> <!-- sum -->
        <test-method signature="sum()[pri:0, instance:com.TestNGLearn.InvocationCountTest@60957c0f]" started-at="2025-08-17T12:53:55 IST" name="sum" finished-at="2025-08-17T12:53:55 IST" duration-ms="0" status="PASS">
          <reporter-output>
          </reporter-output>
        </test-method> <!-- sum -->
        <test-method signature="sum()[pri:0, instance:com.TestNGLearn.InvocationCountTest@60957c0f]" started-at="2025-08-17T12:53:55 IST" name="sum" finished-at="2025-08-17T12:53:55 IST" duration-ms="0" status="PASS">
          <reporter-output>
          </reporter-output>
        </test-method> <!-- sum -->
        <test-method signature="sum()[pri:0, instance:com.TestNGLearn.InvocationCountTest@60957c0f]" started-at="2025-08-17T12:53:55 IST" name="sum" finished-at="2025-08-17T12:53:55 IST" duration-ms="0" status="PASS">
          <reporter-output>
          </reporter-output>
        </test-method> <!-- sum -->
        <test-method signature="sum()[pri:0, instance:com.TestNGLearn.InvocationCountTest@60957c0f]" started-at="2025-08-17T12:53:55 IST" name="sum" finished-at="2025-08-17T12:53:55 IST" duration-ms="0" status="PASS">
          <reporter-output>
          </reporter-output>
        </test-method> <!-- sum -->
        <test-method signature="sum()[pri:0, instance:com.TestNGLearn.InvocationCountTest@60957c0f]" started-at="2025-08-17T12:53:55 IST" name="sum" finished-at="2025-08-17T12:53:55 IST" duration-ms="0" status="PASS">
          <reporter-output>
          </reporter-output>
        </test-method> <!-- sum -->
      </class> <!-- com.TestNGLearn.InvocationCountTest -->
      <class name="com.TestNGLearn.ExceptionTimeOutTest">
        <test-method signature="test()[pri:0, instance:com.TestNGLearn.ExceptionTimeOutTest@50ecde95]" started-at="2025-08-17T12:53:07 IST" name="test" finished-at="2025-08-17T12:53:07 IST" duration-ms="12" status="PASS">
          <exception class="java.lang.NumberFormatException">
            <message>
              <![CDATA[For input string: "Happy"]]>
            </message>
            <full-stacktrace>
              <![CDATA[java.lang.NumberFormatException: For input string: "Happy"
at java.base/java.lang.NumberFormatException.forInputString(NumberFormatException.java:67)
at java.base/java.lang.Integer.parseInt(Integer.java:662)
at java.base/java.lang.Integer.parseInt(Integer.java:778)
at com.TestNGLearn.ExceptionTimeOutTest.test(ExceptionTimeOutTest.java:18)
at java.base/jdk.internal.reflect.DirectMethodHandleAccessor.invoke(DirectMethodHandleAccessor.java:103)
at java.base/java.lang.reflect.Method.invoke(Method.java:580)
at org.testng.internal.invokers.MethodInvocationHelper.invokeMethod(MethodInvocationHelper.java:141)
at org.testng.internal.invokers.TestInvoker.invokeMethod(TestInvoker.java:687)
at org.testng.internal.invokers.TestInvoker.invokeTestMethod(TestInvoker.java:230)
at org.testng.internal.invokers.MethodRunner.runInSequence(MethodRunner.java:63)
at org.testng.internal.invokers.TestInvoker$MethodInvocationAgent.invoke(TestInvoker.java:995)
at org.testng.internal.invokers.TestInvoker.invokeTestMethods(TestInvoker.java:203)
at org.testng.internal.invokers.TestMethodWorker.invokeTestMethods(TestMethodWorker.java:154)
at org.testng.internal.invokers.TestMethodWorker.run(TestMethodWorker.java:134)
at java.base/java.util.ArrayList.forEach(ArrayList.java:1596)
at org.testng.TestRunner.privateRun(TestRunner.java:741)
at org.testng.TestRunner.run(TestRunner.java:616)
at org.testng.SuiteRunner.runTest(SuiteRunner.java:421)
at org.testng.SuiteRunner.runSequentially(SuiteRunner.java:413)
at org.testng.SuiteRunner.privateRun(SuiteRunner.java:373)
at org.testng.SuiteRunner.run(SuiteRunner.java:312)
at org.testng.SuiteRunnerWorker.runSuite(SuiteRunnerWorker.java:52)
at org.testng.SuiteRunnerWorker.run(SuiteRunnerWorker.java:95)
at org.testng.TestNG.runSuitesSequentially(TestNG.java:1274)
at org.testng.TestNG.runSuitesLocally(TestNG.java:1208)
at org.testng.TestNG.runSuites(TestNG.java:1112)
at org.testng.TestNG.run(TestNG.java:1079)
at org.testng.remote.AbstractRemoteTestNG.run(AbstractRemoteTestNG.java:115)
at org.testng.remote.RemoteTestNG.initAndRun(RemoteTestNG.java:293)
at org.testng.remote.RemoteTestNG.main(RemoteTestNG.java:91)
]]>
            </full-stacktrace>
          </exception> <!-- java.lang.NumberFormatException -->
          <reporter-output>
          </reporter-output>
        </test-method> <!-- test -->
      </class> <!-- com.TestNGLearn.ExceptionTimeOutTest -->
      <class name="com.TestNGLearn.TestNGFeatures">
        <test-method signature="loginTest()[pri:1, instance:com.TestNGLearn.TestNGFeatures@7966baa7]" started-at="2025-08-17T12:53:55 IST" name="loginTest" finished-at="2025-08-17T12:53:55 IST" duration-ms="0" status="PASS">
          <reporter-output>
          </reporter-output>
        </test-method> <!-- loginTest -->
        <test-method signature="HomnePageTest()[pri:0, instance:com.TestNGLearn.TestNGFeatures@7966baa7]" started-at="2025-08-17T12:53:55 IST" name="HomnePageTest" finished-at="2025-08-17T12:53:55 IST" depends-on-methods="com.TestNGLearn.TestNGFeatures.loginTest" duration-ms="16" status="PASS">
          <reporter-output>
          </reporter-output>
        </test-method> <!-- HomnePageTest -->
        <test-method signature="LogoutTest()[pri:2, instance:com.TestNGLearn.TestNGFeatures@7966baa7]" started-at="2025-08-17T12:53:55 IST" name="LogoutTest" finished-at="2025-08-17T12:53:55 IST" duration-ms="0" status="PASS">
          <reporter-output>
          </reporter-output>
        </test-method> <!-- LogoutTest -->
        <test-method signature="SearchPageTest()[pri:0, instance:com.TestNGLearn.TestNGFeatures@7966baa7]" started-at="2025-08-17T12:53:55 IST" name="SearchPageTest" finished-at="2025-08-17T12:53:55 IST" depends-on-methods="com.TestNGLearn.TestNGFeatures.HomnePageTest" duration-ms="0" status="PASS">
          <reporter-output>
          </reporter-output>
        </test-method> <!-- SearchPageTest -->
      </class> <!-- com.TestNGLearn.TestNGFeatures -->
      <class name="com.TestNGLearn.GoogleTest">
        <test-method is-config="true" signature="setUp()[pri:0, instance:com.TestNGLearn.GoogleTest@23fb172e]" started-at="2025-08-17T12:53:07 IST" name="setUp" finished-at="2025-08-17T12:53:12 IST" duration-ms="4767" status="PASS">
          <reporter-output>
          </reporter-output>
        </test-method> <!-- setUp -->
        <test-method signature="googleTitleTest()[pri:1, instance:com.TestNGLearn.GoogleTest@23fb172e]" started-at="2025-08-17T12:53:12 IST" name="googleTitleTest" finished-at="2025-08-17T12:53:12 IST" duration-ms="22" status="PASS">
          <reporter-output>
          </reporter-output>
        </test-method> <!-- googleTitleTest -->
        <test-method is-config="true" signature="tearDown()[pri:0, instance:com.TestNGLearn.GoogleTest@23fb172e]" started-at="2025-08-17T12:53:12 IST" name="tearDown" finished-at="2025-08-17T12:53:12 IST" duration-ms="261" status="PASS">
          <reporter-output>
          </reporter-output>
        </test-method> <!-- tearDown -->
        <test-method is-config="true" signature="setUp()[pri:0, instance:com.TestNGLearn.GoogleTest@23fb172e]" started-at="2025-08-17T12:53:12 IST" name="setUp" finished-at="2025-08-17T12:53:15 IST" duration-ms="2845" status="PASS">
          <reporter-output>
          </reporter-output>
        </test-method> <!-- setUp -->
        <test-method signature="GoogleLogoTest()[pri:2, instance:com.TestNGLearn.GoogleTest@23fb172e]" started-at="2025-08-17T12:53:15 IST" name="GoogleLogoTest" finished-at="2025-08-17T12:53:25 IST" duration-ms="10046" status="FAIL">
          <exception class="org.openqa.selenium.NoSuchElementException">
            <message>
              <![CDATA[no such element: Unable to locate element: {"method":"xpath","selector":"//*[@id='hplogo']"}
  (Session info: chrome=139.0.7258.67)
For documentation on this error, please visit: https://www.selenium.dev/documentation/webdriver/troubleshooting/errors#no-such-element-exception
Build info: version: '4.21.0', revision: '79ed462ef4'
System info: os.name: 'Windows 11', os.arch: 'amd64', os.version: '10.0', java.version: '21.0.7'
Driver info: org.openqa.selenium.chrome.ChromeDriver
Command: [957fdf9f636e41ce864f8dd189da5de7, findElement {value=//*[@id='hplogo'], using=xpath}]
Capabilities {acceptInsecureCerts: false, browserName: chrome, browserVersion: 139.0.7258.67, chrome: {chromedriverVersion: 139.0.7258.68 (40ff94600b6e..., userDataDir: C:\Users\JANMEJ~1\AppData\L...}, fedcm:accounts: true, goog:chromeOptions: {debuggerAddress: localhost:63211}, networkConnectionEnabled: false, pageLoadStrategy: normal, platformName: windows, proxy: Proxy(), se:cdp: ws://localhost:63211/devtoo..., se:cdpVersion: 139.0.7258.67, setWindowRect: true, strictFileInteractability: false, timeouts: {implicit: 0, pageLoad: 300000, script: 30000}, unhandledPromptBehavior: dismiss and notify, webauthn:extension:credBlob: true, webauthn:extension:largeBlob: true, webauthn:extension:minPinLength: true, webauthn:extension:prf: true, webauthn:virtualAuthenticators: true}
Session ID: 957fdf9f636e41ce864f8dd189da5de7]]>
            </message>
            <full-stacktrace>
              <![CDATA[org.openqa.selenium.NoSuchElementException: no such element: Unable to locate element: {"method":"xpath","selector":"//*[@id='hplogo']"}
  (Session info: chrome=139.0.7258.67)
For documentation on this error, please visit: https://www.selenium.dev/documentation/webdriver/troubleshooting/errors#no-such-element-exception
Build info: version: '4.21.0', revision: '79ed462ef4'
System info: os.name: 'Windows 11', os.arch: 'amd64', os.version: '10.0', java.version: '21.0.7'
Driver info: org.openqa.selenium.chrome.ChromeDriver
Command: [957fdf9f636e41ce864f8dd189da5de7, findElement {value=//*[@id='hplogo'], using=xpath}]
Capabilities {acceptInsecureCerts: false, browserName: chrome, browserVersion: 139.0.7258.67, chrome: {chromedriverVersion: 139.0.7258.68 (40ff94600b6e..., userDataDir: C:\Users\JANMEJ~1\AppData\L...}, fedcm:accounts: true, goog:chromeOptions: {debuggerAddress: localhost:63211}, networkConnectionEnabled: false, pageLoadStrategy: normal, platformName: windows, proxy: Proxy(), se:cdp: ws://localhost:63211/devtoo..., se:cdpVersion: 139.0.7258.67, setWindowRect: true, strictFileInteractability: false, timeouts: {implicit: 0, pageLoad: 300000, script: 30000}, unhandledPromptBehavior: dismiss and notify, webauthn:extension:credBlob: true, webauthn:extension:largeBlob: true, webauthn:extension:minPinLength: true, webauthn:extension:prf: true, webauthn:virtualAuthenticators: true}
Session ID: 957fdf9f636e41ce864f8dd189da5de7
at java.base/jdk.internal.reflect.DirectConstructorHandleAccessor.newInstance(DirectConstructorHandleAccessor.java:62)
at java.base/java.lang.reflect.Constructor.newInstanceWithCaller(Constructor.java:502)
at java.base/java.lang.reflect.Constructor.newInstance(Constructor.java:486)
at org.openqa.selenium.remote.ErrorCodec.decode(ErrorCodec.java:167)
at org.openqa.selenium.remote.codec.w3c.W3CHttpResponseCodec.decode(W3CHttpResponseCodec.java:138)
at org.openqa.selenium.remote.codec.w3c.W3CHttpResponseCodec.decode(W3CHttpResponseCodec.java:50)
at org.openqa.selenium.remote.HttpCommandExecutor.execute(HttpCommandExecutor.java:190)
at org.openqa.selenium.remote.service.DriverCommandExecutor.invokeExecute(DriverCommandExecutor.java:216)
at org.openqa.selenium.remote.service.DriverCommandExecutor.execute(DriverCommandExecutor.java:174)
at org.openqa.selenium.remote.RemoteWebDriver.execute(RemoteWebDriver.java:518)
at org.openqa.selenium.remote.ElementLocation$ElementFinder$2.findElement(ElementLocation.java:165)
at org.openqa.selenium.remote.ElementLocation.findElement(ElementLocation.java:59)
at org.openqa.selenium.remote.RemoteWebDriver.findElement(RemoteWebDriver.java:355)
at org.openqa.selenium.remote.RemoteWebDriver.findElement(RemoteWebDriver.java:349)
at com.TestNGLearn.GoogleTest.GoogleLogoTest(GoogleTest.java:36)
at java.base/jdk.internal.reflect.DirectMethodHandleAccessor.invoke(DirectMethodHandleAccessor.java:103)
at java.base/java.lang.reflect.Method.invoke(Method.java:580)
at org.testng.internal.invokers.MethodInvocationHelper.invokeMethod(MethodInvocationHelper.java:141)
at org.testng.internal.invokers.TestInvoker.invokeMethod(TestInvoker.java:687)
at org.testng.internal.invokers.TestInvoker.invokeTestMethod(TestInvoker.java:230)
at org.testng.internal.invokers.MethodRunner.runInSequence(MethodRunner.java:63)
at org.testng.internal.invokers.TestInvoker$MethodInvocationAgent.invoke(TestInvoker.java:995)
at org.testng.internal.invokers.TestInvoker.invokeTestMethods(TestInvoker.java:203)
at org.testng.internal.invokers.TestMethodWorker.invokeTestMethods(TestMethodWorker.java:154)
at org.testng.internal.invokers.TestMethodWorker.run(TestMethodWorker.java:134)
at java.base/java.util.ArrayList.forEach(ArrayList.java:1596)
at org.testng.TestRunner.privateRun(TestRunner.java:741)
at org.testng.TestRunner.run(TestRunner.java:616)
at org.testng.SuiteRunner.runTest(SuiteRunner.java:421)
at org.testng.SuiteRunner.runSequentially(SuiteRunner.java:413)
at org.testng.SuiteRunner.privateRun(SuiteRunner.java:373)
at org.testng.SuiteRunner.run(SuiteRunner.java:312)
at org.testng.SuiteRunnerWorker.runSuite(SuiteRunnerWorker.java:52)
at org.testng.SuiteRunnerWorker.run(SuiteRunnerWorker.java:95)
at org.testng.TestNG.runSuitesSequentially(TestNG.java:1274)
at org.testng.TestNG.runSuitesLocally(TestNG.java:1208)
at org.testng.TestNG.runSuites(TestNG.java:1112)
at org.testng.TestNG.run(TestNG.java:1079)
at org.testng.remote.AbstractRemoteTestNG.run(AbstractRemoteTestNG.java:115)
at org.testng.remote.RemoteTestNG.initAndRun(RemoteTestNG.java:293)
at org.testng.remote.RemoteTestNG.main(RemoteTestNG.java:91)
]]>
            </full-stacktrace>
          </exception> <!-- org.openqa.selenium.NoSuchElementException -->
          <reporter-output>
          </reporter-output>
        </test-method> <!-- GoogleLogoTest -->
        <test-method is-config="true" signature="tearDown()[pri:0, instance:com.TestNGLearn.GoogleTest@23fb172e]" started-at="2025-08-17T12:53:25 IST" name="tearDown" finished-at="2025-08-17T12:53:25 IST" duration-ms="328" status="PASS">
          <reporter-output>
          </reporter-output>
        </test-method> <!-- tearDown -->
        <test-method is-config="true" signature="setUp()[pri:0, instance:com.TestNGLearn.GoogleTest@23fb172e]" started-at="2025-08-17T12:53:25 IST" name="setUp" finished-at="2025-08-17T12:53:29 IST" duration-ms="3464" status="PASS">
          <reporter-output>
          </reporter-output>
        </test-method> <!-- setUp -->
        <test-method signature="googleSearchTest()[pri:3, instance:com.TestNGLearn.GoogleTest@23fb172e]" started-at="2025-08-17T12:53:29 IST" name="googleSearchTest" finished-at="2025-08-17T12:53:29 IST" duration-ms="562" status="PASS">
          <reporter-output>
          </reporter-output>
        </test-method> <!-- googleSearchTest -->
        <test-method is-config="true" signature="tearDown()[pri:0, instance:com.TestNGLearn.GoogleTest@23fb172e]" started-at="2025-08-17T12:53:29 IST" name="tearDown" finished-at="2025-08-17T12:53:30 IST" duration-ms="328" status="PASS">
          <reporter-output>
          </reporter-output>
        </test-method> <!-- tearDown -->
        <test-method is-config="true" signature="setUp()[pri:0, instance:com.TestNGLearn.GoogleTest@23fb172e]" started-at="2025-08-17T12:53:30 IST" name="setUp" finished-at="2025-08-17T12:53:33 IST" duration-ms="3006" status="PASS">
          <reporter-output>
          </reporter-output>
        </test-method> <!-- setUp -->
        <test-method signature="googleSearchBoxTest()[pri:4, instance:com.TestNGLearn.GoogleTest@23fb172e]" started-at="2025-08-17T12:53:33 IST" name="googleSearchBoxTest" finished-at="2025-08-17T12:53:33 IST" duration-ms="78" status="PASS">
          <reporter-output>
          </reporter-output>
        </test-method> <!-- googleSearchBoxTest -->
        <test-method is-config="true" signature="tearDown()[pri:0, instance:com.TestNGLearn.GoogleTest@23fb172e]" started-at="2025-08-17T12:53:33 IST" name="tearDown" finished-at="2025-08-17T12:53:33 IST" duration-ms="294" status="PASS">
          <reporter-output>
          </reporter-output>
        </test-method> <!-- tearDown -->
        <test-method is-config="true" signature="setUp()[pri:0, instance:com.TestNGLearn.GoogleTest@23fb172e]" started-at="2025-08-17T12:53:33 IST" name="setUp" finished-at="2025-08-17T12:53:36 IST" duration-ms="2513" status="PASS">
          <reporter-output>
          </reporter-output>
        </test-method> <!-- setUp -->
        <test-method signature="googleSearchButtonTest()[pri:5, instance:com.TestNGLearn.GoogleTest@23fb172e]" started-at="2025-08-17T12:53:36 IST" name="googleSearchButtonTest" finished-at="2025-08-17T12:53:36 IST" duration-ms="58" status="PASS">
          <reporter-output>
          </reporter-output>
        </test-method> <!-- googleSearchButtonTest -->
        <test-method is-config="true" signature="tearDown()[pri:0, instance:com.TestNGLearn.GoogleTest@23fb172e]" started-at="2025-08-17T12:53:36 IST" name="tearDown" finished-at="2025-08-17T12:53:36 IST" duration-ms="246" status="PASS">
          <reporter-output>
          </reporter-output>
        </test-method> <!-- tearDown -->
        <test-method is-config="true" signature="setUp()[pri:0, instance:com.TestNGLearn.GoogleTest@23fb172e]" started-at="2025-08-17T12:53:36 IST" name="setUp" finished-at="2025-08-17T12:53:39 IST" duration-ms="2766" status="PASS">
          <reporter-output>
          </reporter-output>
        </test-method> <!-- setUp -->
        <test-method signature="googleFeelingLuckyButtonTest()[pri:6, instance:com.TestNGLearn.GoogleTest@23fb172e]" started-at="2025-08-17T12:53:39 IST" name="googleFeelingLuckyButtonTest" finished-at="2025-08-17T12:53:39 IST" duration-ms="42" status="PASS">
          <reporter-output>
          </reporter-output>
        </test-method> <!-- googleFeelingLuckyButtonTest -->
        <test-method is-config="true" signature="tearDown()[pri:0, instance:com.TestNGLearn.GoogleTest@23fb172e]" started-at="2025-08-17T12:53:39 IST" name="tearDown" finished-at="2025-08-17T12:53:39 IST" duration-ms="240" status="PASS">
          <reporter-output>
          </reporter-output>
        </test-method> <!-- tearDown -->
      </class> <!-- com.TestNGLearn.GoogleTest -->
    </test> <!-- Different TestNG Features Test -->
  </suite> <!-- TestNG Session Test Automation Suite -->
</testng-results>
