<?xml version="1.0" encoding="UTF-8"?>
<!-- Generated by org.testng.reporters.JUnitReportReporter -->
<testsuite hostname="Janmejay" failures="0" tests="10" name="com.TestNGLearn.InvocationCountTest" time="0.000" errors="0" timestamp="2025-08-17T12:53:55 IST" skipped="0">
  <testcase classname="com.TestNGLearn.InvocationCountTest" name="sum" time="0.000"/>
  <testcase classname="com.TestNGLearn.InvocationCountTest" name="sum" time="0.000"/>
  <testcase classname="com.TestNGLearn.InvocationCountTest" name="sum" time="0.000"/>
  <testcase classname="com.TestNGLearn.InvocationCountTest" name="sum" time="0.000"/>
  <testcase classname="com.TestNGLearn.InvocationCountTest" name="sum" time="0.000"/>
  <testcase classname="com.TestNGLearn.InvocationCountTest" name="sum" time="0.000"/>
  <testcase classname="com.TestNGLearn.InvocationCountTest" name="sum" time="0.000"/>
  <testcase classname="com.TestNGLearn.InvocationCountTest" name="sum" time="0.000"/>
  <testcase classname="com.TestNGLearn.InvocationCountTest" name="sum" time="0.000"/>
  <testcase classname="com.TestNGLearn.InvocationCountTest" name="sum" time="0.000"/>
</testsuite> <!-- com.TestNGLearn.InvocationCountTest -->
