<?xml version="1.0" encoding="UTF-8"?>
<!-- Generated by org.testng.reporters.JUnitReportReporter -->
<testsuite hostname="Janmejay" failures="0" tests="4" name="com.TestNGLearn.TestNGFeatures" time="0.000" errors="0" timestamp="2025-08-18T13:49:17 IST" skipped="0">
  <testcase classname="com.TestNGLearn.TestNGFeatures" name="SearchPageTest" time="0.000"/>
  <testcase classname="com.TestNGLearn.TestNGFeatures" name="HomnePageTest" time="0.000"/>
  <testcase classname="com.TestNGLearn.TestNGFeatures" name="loginTest" time="0.000"/>
  <testcase classname="com.TestNGLearn.TestNGFeatures" name="LogoutTest" time="0.000"/>
</testsuite> <!-- com.TestNGLearn.TestNGFeatures -->
