<?xml version="1.0" encoding="UTF-8"?>
<!-- Generated by org.testng.reporters.JUnitReportReporter -->
<testsuite hostname="Janmejay" failures="0" tests="3" name="com.TestNGLearn.GoogleTest" time="11.574" errors="0" timestamp="2025-08-16T13:05:50 IST" skipped="0">
  <testcase classname="com.TestNGLearn.GoogleTest" name="GoogleLogoTest" time="3.423"/>
  <testcase classname="com.TestNGLearn.GoogleTest" name="googleTitleTest" time="4.638"/>
  <testcase classname="com.TestNGLearn.GoogleTest" name="googleSearchTest" time="3.513"/>
</testsuite> <!-- com.TestNGLearn.GoogleTest -->
