<?xml version="1.0" encoding="UTF-8"?>
<!-- Generated by org.testng.reporters.JUnitReportReporter -->
<testsuite hostname="Janmejay" failures="0" tests="3" name="com.TestNGLearn.TestNGBasic" time="0.037" errors="0" timestamp="2025-08-16T12:53:39 IST" skipped="0">
  <testcase classname="com.TestNGLearn.TestNGBasic" name="Title" time="0.006"/>
  <testcase classname="com.TestNGLearn.TestNGBasic" name="LogoTest" time="0.015"/>
  <testcase classname="com.TestNGLearn.TestNGBasic" name="Search" time="0.016"/>
</testsuite> <!-- com.TestNGLearn.TestNGBasic -->
