<?xml version="1.0" encoding="UTF-8"?>
<!-- Generated by org.testng.reporters.JUnitReportReporter -->
<testsuite hostname="Janmejay" failures="0" tests="3" name="com.DataDriven.HelfeBayTest" time="18.785" errors="0" timestamp="2025-08-18T16:08:24 IST" skipped="0">
  <testcase classname="com.DataDriven.HelfeBayTest" name="RegistrationTest" time="7.212"/>
  <testcase classname="com.DataDriven.HelfeBayTest" name="RegistrationTest" time="5.999"/>
  <testcase classname="com.DataDriven.HelfeBayTest" name="RegistrationTest" time="5.574"/>
</testsuite> <!-- com.DataDriven.HelfeBayTest -->
