<?xml version="1.0" encoding="UTF-8"?>
<!-- Generated by org.testng.reporters.JUnitReportReporter -->
<testsuite hostname="Janmejay" failures="0" tests="3" name="com.DataDriven.HelfeBayTest" time="19.057" errors="0" timestamp="2025-08-18T15:28:27 IST" skipped="0">
  <testcase classname="com.DataDriven.HelfeBayTest" name="RegistrationTest" time="5.490"/>
  <testcase classname="com.DataDriven.HelfeBayTest" name="RegistrationTest" time="7.497"/>
  <testcase classname="com.DataDriven.HelfeBayTest" name="RegistrationTest" time="6.070"/>
</testsuite> <!-- com.DataDriven.HelfeBayTest -->
