<?xml version="1.0" encoding="UTF-8"?>
<!-- Generated by org.testng.reporters.JUnitReportReporter -->
<testsuite hostname="Janmejay" failures="0" tests="10" name="com.TestNGLearn.InvocationCountTest" time="0.031" errors="0" timestamp="2025-08-18T13:49:17 IST" skipped="0">
  <testcase classname="com.TestNGLearn.InvocationCountTest" name="sum" time="0.000"/>
  <testcase classname="com.TestNGLearn.InvocationCountTest" name="sum" time="0.000"/>
  <testcase classname="com.TestNGLearn.InvocationCountTest" name="sum" time="0.000"/>
  <testcase classname="com.TestNGLearn.InvocationCountTest" name="sum" time="0.015"/>
  <testcase classname="com.TestNGLearn.InvocationCountTest" name="sum" time="0.000"/>
  <testcase classname="com.TestNGLearn.InvocationCountTest" name="sum" time="0.000"/>
  <testcase classname="com.TestNGLearn.InvocationCountTest" name="sum" time="0.000"/>
  <testcase classname="com.TestNGLearn.InvocationCountTest" name="sum" time="0.000"/>
  <testcase classname="com.TestNGLearn.InvocationCountTest" name="sum" time="0.000"/>
  <testcase classname="com.TestNGLearn.InvocationCountTest" name="sum" time="0.016"/>
</testsuite> <!-- com.TestNGLearn.InvocationCountTest -->
