<?xml version="1.0" encoding="UTF-8"?>
<!-- Generated by org.testng.reporters.JUnitReportReporter -->
<testsuite hostname="Janmejay" failures="0" tests="3" name="com.TestNGLearn.TestNGBasic" time="0.000" errors="0" timestamp="2025-08-18T13:49:17 IST" skipped="0">
  <testcase classname="com.TestNGLearn.TestNGBasic" name="Title" time="0.000"/>
  <testcase classname="com.TestNGLearn.TestNGBasic" name="LogoTest" time="0.000"/>
  <testcase classname="com.TestNGLearn.TestNGBasic" name="Search" time="0.000"/>
</testsuite> <!-- com.TestNGLearn.TestNGBasic -->
